[Licensing::Module] Trying to connect to existing licensing client channel...
Built from '6000.3/staging' branch; Version is '6000.3.11f1 (3000ef702840) revision 3145967'; Using compiler version '194234433'; Build Type 'Release'
[Licensing::IpcConnector] Channel LicenseClient-hdy40 doesn't exist
OS: 'Windows 10  (10.0.19045) 64bit Professional' Language: 'ko' Physical Memory: 16071 MB
BatchMode: 1, IsHumanControllingUs: 0, StartBugReporterOnCrash: 0, Is64bit: 1
System  architecture: x64
Process architecture: x64
Date: 2026-03-20T14:19:37Z
[Licensing::Module] Successfully launched the LicensingClient (PId: 3972)

COMMAND LINE ARGUMENTS:
C:\Program Files\Unity\Hub\Editor\6000.3.11f1\Editor\Unity.exe
-quit
-batchmode
-projectPath
h:\내 드라이브\CStest\Eyetracker
-executeMethod
EyeTracker.Editor.BuildScript.PerformBuild
-logFile
build_retry.log
Successfully changed project path to: h:\내 드라이브\CStest\Eyetracker
H:/내 드라이브/CStest/Eyetracker
[UnityMemory] Configuration Parameters - Can be set up in boot.config
    "memorysetup-temp-allocator-size-nav-mesh-worker=65536"
    "memorysetup-temp-allocator-size-audio-worker=65536"
    "memorysetup-temp-allocator-size-gfx=262144"
    "memorysetup-allocator-temp-initial-block-size-main=262144"
    "memorysetup-allocator-temp-initial-block-size-worker=262144"
    "memorysetup-temp-allocator-size-background-worker=32768"
    "memorysetup-temp-allocator-size-job-worker=262144"
    "memorysetup-temp-allocator-size-preload-manager=33554432"
    "memorysetup-temp-allocator-size-gi-baking-worker=262144"
    "memorysetup-temp-allocator-size-gi-baking-worker=262144"
    "memorysetup-temp-allocator-size-gi-baking-worker=262144"
    "memorysetup-temp-allocator-size-gi-baking-worker=262144"
    "memorysetup-temp-allocator-size-gi-baking-worker=262144"
    "memorysetup-bucket-allocator-granularity=16"
    "memorysetup-bucket-allocator-bucket-count=8"
    "memorysetup-bucket-allocator-block-size=33554432"
    "memorysetup-bucket-allocator-block-count=8"
    "memorysetup-main-allocator-block-size=16777216"
    "memorysetup-thread-allocator-block-size=16777216"
    "memorysetup-gfx-main-allocator-block-size=16777216"
    "memorysetup-gfx-thread-allocator-block-size=16777216"
    "memorysetup-cache-allocator-block-size=4194304"
    "memorysetup-typetree-allocator-block-size=2097152"
    "memorysetup-profiler-bucket-allocator-granularity=16"
    "memorysetup-profiler-bucket-allocator-bucket-count=8"
    "memorysetup-profiler-bucket-allocator-block-size=33554432"
    "memorysetup-profiler-bucket-allocator-block-count=8"
    "memorysetup-profiler-allocator-block-size=16777216"
    "memorysetup-profiler-editor-allocator-block-size=1048576"
    "memorysetup-temp-allocator-size-main=16777216"
    "memorysetup-job-temp-allocator-block-size=2097152"
    "memorysetup-job-temp-allocator-block-size-background=1048576"
    "memorysetup-job-temp-allocator-reduction-small-platforms=262144"
    "memorysetup-temp-allocator-size-cloud-worker=32768"
Player connection [13564]  Target information:

Player connection [13564]  * "[IP] 172.19.176.1 [Port] 55504 [Flags] 2 [Guid] 3986045619 [EditorId] 3986045619 [Version] 1048832 [Id] WindowsEditor(7,DESKTOP-8GJI3T4) [Debug] 1 [PackageName] WindowsEditor [ProjectName] Editor" 

Player connection [13564]  * "[IP] 192.168.0.247 [Port] 55504 [Flags] 2 [Guid] 3986045619 [EditorId] 3986045619 [Version] 1048832 [Id] WindowsEditor(7,DESKTOP-8GJI3T4) [Debug] 1 [PackageName] WindowsEditor [ProjectName] Editor" 

Player connection [13564] Host joined multi-casting on [225.0.0.222:54997]...
Player connection [13564] Host joined alternative multi-casting on [225.0.0.222:34997]...
Input System module state changed to: Initialized.
[Physics::Module] Initialized fallback backend.
[Physics::Module] Id: 0xdecafbad
[Licensing::IpcConnector] Successfully connected to: "LicenseClient-hdy40" at "2026-03-20T14:19:38.7562446Z"
[Package Manager] Connected to IPC stream "Upm-5048" after 0.8 seconds.
[Licensing::Module] Licensing is not yet initialized.
[Licensing::Client] Handshaking with LicensingClient:
  Version:                 1.18.0+23225a6
  Session Id:              01b21060581044aea647af0a2a95010a
  Correlation Id:          b858f35b864ceba0954d1c472682bc99
  External correlation Id: 7723342321421180145
  Machine Id:              bKM+aFVqsSdeh+S3/GBS92uQYZ8=
[Licensing::Module] Successfully connected to LicensingClient on channel: "LicenseClient-hdy40" (connect: 1.29s, validation: 0.13s, handshake: 0.45s)
[Licensing::IpcConnector] Successfully connected to: "LicenseClient-hdy40-notifications" at "2026-03-20T14:19:39.3353471Z"
[Licensing::Module] Connected to LicensingClient (PId: 3972, launch time: 0.01, total connection time: 1.87s)
[Licensing::Module] Error: Access token is unavailable; failed to update
[Licensing::Client] Successfully resolved entitlement details
[Licensing::Module] License group:
  Id: 14568649884728-UnityPersXXXX
  Product: Unity Personal
  Type: Assigned
  Expiration: Unlimited
[Licensing::Client] Successfully updated license, isAsync: True, time: 0.03
[Licensing::Client] Successfully resolved entitlement details
[Licensing::Module] Licensing Background thread has ended after 2.01s
[Licensing::Module] Licensing is initialized (took 0.59s).
[Licensing::Client] Successfully resolved entitlement details
Library Redirect Path: Library/
[Physics::Module] Selected backend.
[Physics::Module] Name: PhysX
[Physics::Module] Id: 0xf2b8ea05
[Physics::Module] SDK Version: 4.1.2
[Physics::Module] Integration Version: 1.0.0
[Physics::Module] Threading Mode: Multi-Threaded
Refreshing native plugins compatible for Editor in 0.00 ms, found 0 plugins.
Preloading 0 native plugins for Editor in 0.00 ms.
Initialize engine version: 6000.3.11f1 (3000ef702840)
[Subsystems] Discovering subsystems at path C:/Program Files/Unity/Hub/Editor/6000.3.11f1/Editor/Data/Resources/UnitySubsystems
[Subsystems] Discovering subsystems at path H:/내 드라이브/CStest/Eyetracker/Assets
GfxDevice: creating device client; kGfxThreadingModeNonThreaded
Direct3D:
    Version:  Direct3D 11.0 [level 11.1]
    Renderer: Intel(R) UHD Graphics (ID=0x8a56)
    Vendor:   Intel
    VRAM:     8035 MB
    Driver:   27.20.100.9664
Initialize mono
Mono path[0] = 'C:/Program Files/Unity/Hub/Editor/6000.3.11f1/Editor/Data/Managed'
Mono path[1] = 'C:/Program Files/Unity/Hub/Editor/6000.3.11f1/Editor/Data/MonoBleedingEdge/lib/mono/unityjit-win32'
Mono config path = 'C:/Program Files/Unity/Hub/Editor/6000.3.11f1/Editor/Data/MonoBleedingEdge/etc'
Using monoOptions --debugger-agent=transport=dt_socket,embedding=1,server=y,suspend=n,address=127.0.0.1:56048
Using cacheserver namespaces - metadata:defaultmetadata, artifacts:defaultartifacts
Using cacheserver namespaces - metadata:defaultmetadata, artifacts:defaultartifacts
ImportWorker Server TCP listen port: 0
AcceleratorClientConnectionCallback - disconnected - :0
Begin MonoManager ReloadAssembly
Registering precompiled unity dll's ...
Register platform support module: C:/Program Files/Unity/Hub/Editor/6000.3.11f1/Editor/Data/PlaybackEngines/WebGLSupport/UnityEditor.WebGL.Extensions.dll
Register platform support module: C:/Program Files/Unity/Hub/Editor/6000.3.11f1/Editor/Data/PlaybackEngines/WindowsStandaloneSupport/UnityEditor.WindowsStandalone.Extensions.dll
Registered in 0.029779 seconds.
- Loaded All Assemblies, in  1.200 seconds
Native extension for WindowsStandalone target not found
Native extension for WebGL target not found
Package Manager log level set to [2]
ScheduleIndexationOnStartup MainProcess:False IndexOnStartup:False
Mono: successfully reloaded assembly
- Finished resetting the current domain, in  1.415 seconds
Domain Reload Profiling: 2613ms
	BeginReloadAssembly (438ms)
		ExecutionOrderSort (0ms)
		DisableScriptedObjects (0ms)
		BackupInstance (0ms)
		ReleaseScriptingObjects (0ms)
		CreateAndSetChildDomain (24ms)
	RebuildCommonClasses (86ms)
	RebuildNativeTypeToScriptingClass (22ms)
	initialDomainReloadingComplete (136ms)
	LoadAllAssembliesAndSetupDomain (511ms)
		LoadAssemblies (407ms)
		RebuildTransferFunctionScriptingTraits (0ms)
		AnalyzeDomain (501ms)
			TypeCache.Refresh (496ms)
				TypeCache.ScanAssembly (445ms)
			BuildScriptInfoCaches (0ms)
			ResolveRequiredComponents (2ms)
	FinalizeReload (1418ms)
		ReleaseScriptCaches (0ms)
		RebuildScriptCaches (0ms)
		SetupLoadedEditorAssemblies (1290ms)
			LogAssemblyErrors (0ms)
			InitializePlatformSupportModulesInManaged (207ms)
			SetLoadedEditorAssemblies (11ms)
			BeforeProcessingInitializeOnLoad (309ms)
			ProcessInitializeOnLoadAttributes (441ms)
			ProcessInitializeOnLoadMethodAttributes (321ms)
			AfterProcessingInitializeOnLoad (0ms)
			EditorAssembliesLoaded (1ms)
		ExecutionOrderSort2 (0ms)
		AwakeInstancesAfterBackupRestoration (0ms)
[Licensing::Client] Successfully resolved entitlement details
Application.AssetDatabase Initial Refresh Start
[Package Manager] Done resolving packages in 106.03 seconds
[Licensing::Client] Successfully resolved entitlement details
An error occurred while resolving packages:
  Project has invalid dependencies:
    com.unity.xr.arcore: Package [com.unity.xr.arcore@6.0.0] cannot be found
    com.unity.xr.arfoundation: Package [com.unity.xr.arfoundation@6.0.0] cannot be found
    com.unity.xr.arkit: Package [com.unity.xr.arkit@6.0.0] cannot be found
  One or more packages could not be added to the local file system:
    com.unity.burst: TAR_ENTRY_ERROR: UNKNOWN: unknown error, write
    com.unity.collections: TAR_ENTRY_ERROR: UNKNOWN: unknown error, write
    com.unity.ext.nunit: EBADF: bad file descriptor, copyfile 'C:\Program Files\Unity\Hub\Editor\6000.3.11f1\Editor\Data\Resources\PackageManager\BuiltInPackages\com.unity.ext.nunit\README.md' -> 'H:\내 드라이브\CStest\Eyetracker\Library\PackageCache\.tmp-11744-e6OfgDMNV22V\package\README.md'
    com.unity.mathematics: TAR_ENTRY_ERROR: UNKNOWN: unknown error, write
    com.unity.nuget.mono-cecil: TAR_ENTRY_ERROR: UNKNOWN: unknown error, write
    com.unity.render-pipelines.core: EBADF: bad file descriptor, futime
    com.unity.render-pipelines.universal: EBADF: bad file descriptor, copyfile 'C:\Program Files\Unity\Hub\Editor\6000.3.11f1\Editor\Data\Resources\PackageManager\BuiltInPackages\com.unity.render-pipelines.universal\Textures\FilmGrain\Large02.png.meta' -> 'H:\내 드라이브\CStest\Eyetracker\Library\PackageCache\.tmp-11744-YS9s1ey44t9t\package\Textures\FilmGrain\Large02.png.meta'
    com.unity.render-pipelines.universal-config: EBADF: bad file descriptor, copyfile 'C:\Program Files\Unity\Hub\Editor\6000.3.11f1\Editor\Data\Resources\PackageManager\BuiltInPackages\com.unity.render-pipelines.universal-config\LICENSE.md.meta' -> 'H:\내 드라이브\CStest\Eyetracker\Library\PackageCache\.tmp-11744-PQp6IHv2Pxa9\package\LICENSE.md.meta'
    com.unity.searcher: TAR_ENTRY_ERROR: UNKNOWN: unknown error, write
    com.unity.shadergraph: EBADF: bad file descriptor, copyfile 'C:\Program Files\Unity\Hub\Editor\6000.3.11f1\Editor\Data\Resources\PackageManager\BuiltInPackages\com.unity.shadergraph\Tests\Editor\UnitTests\PropertyNodeTests.cs' -> 'H:\내 드라이브\CStest\Eyetracker\Library\PackageCache\.tmp-11744-ZCTr006cFNyi\package\Tests\Editor\UnitTests\PropertyNodeTests.cs'
    com.unity.test-framework.performance: TAR_ENTRY_ERROR: UNKNOWN: unknown error, write
    com.unity.ugui: EBADF: bad file descriptor, futime
Exiting without the bug reporter. Application will terminate with return code 1