[Licensing::Module] Trying to connect to existing licensing client channel...
Built from '6000.3/staging' branch; Version is '6000.3.11f1 (3000ef702840) revision 3145967'; Using compiler version '194234433'; Build Type 'Release'
[Licensing::IpcConnector] Channel LicenseClient-hdy40 doesn't exist
OS: 'Windows 10  (10.0.19045) 64bit Professional' Language: 'ko' Physical Memory: 16071 MB
BatchMode: 1, IsHumanControllingUs: 0, StartBugReporterOnCrash: 0, Is64bit: 1
System  architecture: x64
Process architecture: x64
Date: 2026-03-20T14:18:18Z
[Licensing::Module] Successfully launched the LicensingClient (PId: 28172)

COMMAND LINE ARGUMENTS:
C:\Program Files\Unity\Hub\Editor\6000.3.11f1\Editor\Unity.exe
-quit
-batchmode
-projectPath
h:\내 드라이브\CStest\Eyetracker
-executeMethod
EyeTracker.Editor.BuildScript.PerformBuild
-logFile
build_final.log
Successfully changed project path to: h:\내 드라이브\CStest\Eyetracker
H:/내 드라이브/CStest/Eyetracker
[UnityMemory] Configuration Parameters - Can be set up in boot.config
    "memorysetup-temp-allocator-size-nav-mesh-worker=65536"
    "memorysetup-temp-allocator-size-audio-worker=65536"
    "memorysetup-temp-allocator-size-gfx=262144"
    "memorysetup-allocator-temp-initial-block-size-main=262144"
    "memorysetup-allocator-temp-initial-block-size-worker=262144"
    "memorysetup-temp-allocator-size-background-worker=32768"
    "memorysetup-temp-allocator-size-job-worker=262144"
    "memorysetup-temp-allocator-size-preload-manager=33554432"
    "memorysetup-temp-allocator-size-gi-baking-worker=262144"
    "memorysetup-temp-allocator-size-gi-baking-worker=262144"
    "memorysetup-temp-allocator-size-gi-baking-worker=262144"
    "memorysetup-temp-allocator-size-gi-baking-worker=262144"
    "memorysetup-temp-allocator-size-gi-baking-worker=262144"
    "memorysetup-bucket-allocator-granularity=16"
    "memorysetup-bucket-allocator-bucket-count=8"
    "memorysetup-bucket-allocator-block-size=33554432"
    "memorysetup-bucket-allocator-block-count=8"
    "memorysetup-main-allocator-block-size=16777216"
    "memorysetup-thread-allocator-block-size=16777216"
    "memorysetup-gfx-main-allocator-block-size=16777216"
    "memorysetup-gfx-thread-allocator-block-size=16777216"
    "memorysetup-cache-allocator-block-size=4194304"
    "memorysetup-typetree-allocator-block-size=2097152"
    "memorysetup-profiler-bucket-allocator-granularity=16"
    "memorysetup-profiler-bucket-allocator-bucket-count=8"
    "memorysetup-profiler-bucket-allocator-block-size=33554432"
    "memorysetup-profiler-bucket-allocator-block-count=8"
    "memorysetup-profiler-allocator-block-size=16777216"
    "memorysetup-profiler-editor-allocator-block-size=1048576"
    "memorysetup-temp-allocator-size-main=16777216"
    "memorysetup-job-temp-allocator-block-size=2097152"
    "memorysetup-job-temp-allocator-block-size-background=1048576"
    "memorysetup-job-temp-allocator-reduction-small-platforms=262144"
    "memorysetup-temp-allocator-size-cloud-worker=32768"
Player connection [14604]  Target information:

Player connection [14604]  * "[IP] 172.19.176.1 [Port] 55504 [Flags] 2 [Guid] 1177147202 [EditorId] 1177147202 [Version] 1048832 [Id] WindowsEditor(7,DESKTOP-8GJI3T4) [Debug] 1 [PackageName] WindowsEditor [ProjectName] Editor" 

Player connection [14604]  * "[IP] 192.168.0.247 [Port] 55504 [Flags] 2 [Guid] 1177147202 [EditorId] 1177147202 [Version] 1048832 [Id] WindowsEditor(7,DESKTOP-8GJI3T4) [Debug] 1 [PackageName] WindowsEditor [ProjectName] Editor" 

Player connection [14604] Host joined multi-casting on [225.0.0.222:54997]...
Player connection [14604] Host joined alternative multi-casting on [225.0.0.222:34997]...
Input System module state changed to: Initialized.
[Physics::Module] Initialized fallback backend.
[Physics::Module] Id: 0xdecafbad
[Licensing::IpcConnector] Successfully connected to: "LicenseClient-hdy40" at "2026-03-20T14:18:19.8057844Z"
[Package Manager] Connected to IPC stream "Upm-10776" after 0.9 seconds.
[Licensing::Module] Licensing is not yet initialized.
[Licensing::Client] Handshaking with LicensingClient:
  Version:                 1.18.0+23225a6
  Session Id:              aa5f944ce6cd494ea802c71333969829
  Correlation Id:          feba42e84fc8ebe387fb48b8ea28fa01
  External correlation Id: 3833621081911020554
  Machine Id:              bKM+aFVqsSdeh+S3/GBS92uQYZ8=
[Licensing::Module] Successfully connected to LicensingClient on channel: "LicenseClient-hdy40" (connect: 1.29s, validation: 0.30s, handshake: 0.45s)
[Licensing::IpcConnector] Successfully connected to: "LicenseClient-hdy40-notifications" at "2026-03-20T14:18:20.5563641Z"
[Licensing::Module] Connected to LicensingClient (PId: 28172, launch time: 0.01, total connection time: 2.05s)
[Licensing::Module] Error: Access token is unavailable; failed to update
[Licensing::Client] Successfully resolved entitlement details
[Licensing::Module] License group:
  Id: 14568649884728-UnityPersXXXX
  Product: Unity Personal
  Type: Assigned
  Expiration: Unlimited
[Licensing::Client] Successfully updated license, isAsync: True, time: 0.02
[Licensing::Client] Successfully resolved entitlement details
[Licensing::Module] Licensing Background thread has ended after 2.17s
[Licensing::Module] Licensing is initialized (took 0.49s).
[Licensing::Client] Successfully resolved entitlement details
Library Redirect Path: Library/
Exiting because Library/SourceAssetDB is corrupted. Relaunch Editor without batch mode to view additional options.
Exiting without the bug reporter. Application will terminate with return code 0