.rags is not a valid directory name. Please make sure there are no unallowed characters in the name.
.rags is not a valid directory name. Please make sure there are no unallowed characters in the name.
[Licensing::Module] Trying to connect to existing licensing client channel...
Built from '6000.3/staging' branch; Version is '6000.3.11f1 (3000ef702840) revision 3145967'; Using compiler version '194234433'; Build Type 'Release'
[Licensing::IpcConnector] Channel LicenseClient-hdy40 doesn't exist
OS: 'Windows 10  (10.0.19045) 64bit Professional' Language: 'ko' Physical Memory: 16071 MB
BatchMode: 1, IsHumanControllingUs: 0, StartBugReporterOnCrash: 0, Is64bit: 1
System  architecture: x64
Process architecture: x64
Date: 2026-03-20T09:43:29Z
[Licensing::Module] Successfully launched the LicensingClient (PId: 28780)

COMMAND LINE ARGUMENTS:
C:\Program Files\Unity\Hub\Editor\6000.3.11f1\Editor\Unity.exe
-batchmode
-quit
-executeMethod
EyeTracker.Editor.BuildScript.PerformBuild
-projectPath
h:\ë‚´ ë“śëťĽěť´ë¸Ś\CStest\Eyetracker
-logFile
h:\ë‚´ ë“śëťĽěť´ë¸Ś\CStest\Eyetracker\.rags\unity_build.log
Successfully changed project path to: h:\ë‚´ ë“śëťĽěť´ë¸Ś\CStest\Eyetracker
H:/ë‚´ ë“śëťĽěť´ë¸Ś/CStest/Eyetracker
[UnityMemory] Configuration Parameters - Can be set up in boot.config
    "memorysetup-temp-allocator-size-nav-mesh-worker=65536"
    "memorysetup-temp-allocator-size-audio-worker=65536"
    "memorysetup-temp-allocator-size-gfx=262144"
    "memorysetup-allocator-temp-initial-block-size-main=262144"
    "memorysetup-allocator-temp-initial-block-size-worker=262144"
    "memorysetup-temp-allocator-size-background-worker=32768"
    "memorysetup-temp-allocator-size-job-worker=262144"
    "memorysetup-temp-allocator-size-preload-manager=33554432"
    "memorysetup-temp-allocator-size-gi-baking-worker=262144"
    "memorysetup-temp-allocator-size-gi-baking-worker=262144"
    "memorysetup-temp-allocator-size-gi-baking-worker=262144"
    "memorysetup-temp-allocator-size-gi-baking-worker=262144"
    "memorysetup-temp-allocator-size-gi-baking-worker=262144"
    "memorysetup-bucket-allocator-granularity=16"
    "memorysetup-bucket-allocator-bucket-count=8"
    "memorysetup-bucket-allocator-block-size=33554432"
    "memorysetup-bucket-allocator-block-count=8"
    "memorysetup-main-allocator-block-size=16777216"
    "memorysetup-thread-allocator-block-size=16777216"
    "memorysetup-gfx-main-allocator-block-size=16777216"
    "memorysetup-gfx-thread-allocator-block-size=16777216"
    "memorysetup-cache-allocator-block-size=4194304"
    "memorysetup-typetree-allocator-block-size=2097152"
    "memorysetup-profiler-bucket-allocator-granularity=16"
    "memorysetup-profiler-bucket-allocator-bucket-count=8"
    "memorysetup-profiler-bucket-allocator-block-size=33554432"
    "memorysetup-profiler-bucket-allocator-block-count=8"
    "memorysetup-profiler-allocator-block-size=16777216"
    "memorysetup-profiler-editor-allocator-block-size=1048576"
    "memorysetup-temp-allocator-size-main=16777216"
    "memorysetup-job-temp-allocator-block-size=2097152"
    "memorysetup-job-temp-allocator-block-size-background=1048576"
    "memorysetup-job-temp-allocator-reduction-small-platforms=262144"
    "memorysetup-temp-allocator-size-cloud-worker=32768"
Player connection [4948]  Target information:

Player connection [4948]  * "[IP] 172.19.176.1 [Port] 55504 [Flags] 2 [Guid] 228150032 [EditorId] 228150032 [Version] 1048832 [Id] WindowsEditor(7,DESKTOP-8GJI3T4) [Debug] 1 [PackageName] WindowsEditor [ProjectName] Editor" 

Player connection [4948]  * "[IP] 192.168.0.247 [Port] 55504 [Flags] 2 [Guid] 228150032 [EditorId] 228150032 [Version] 1048832 [Id] WindowsEditor(7,DESKTOP-8GJI3T4) [Debug] 1 [PackageName] WindowsEditor [ProjectName] Editor" 

Player connection [4948] Host joined multi-casting on [225.0.0.222:54997]...
Player connection [4948] Host joined alternative multi-casting on [225.0.0.222:34997]...
Input System module state changed to: Initialized.
[Physics::Module] Initialized fallback backend.
[Physics::Module] Id: 0xdecafbad
[Licensing::IpcConnector] Successfully connected to: "LicenseClient-hdy40" at "2026-03-20T09:43:30.6882301Z"
[Package Manager] Connected to IPC stream "Upm-1452" after 0.8 seconds.
[Licensing::Module] Licensing is not yet initialized.
[Licensing::Client] Handshaking with LicensingClient:
  Version:                 1.18.0+23225a6
  Session Id:              a006b2059ee04aa1a25f5d43e2392f47
  Correlation Id:          97c48136b7f6f955b0a42c0c4f0e2a9a
  External correlation Id: 7220965688223151505
  Machine Id:              bKM+aFVqsSdeh+S3/GBS92uQYZ8=
[Licensing::Module] Successfully connected to LicensingClient on channel: "LicenseClient-hdy40" (connect: 1.29s, validation: 0.10s, handshake: 0.35s)
[Licensing::IpcConnector] Successfully connected to: "LicenseClient-hdy40-notifications" at "2026-03-20T09:43:31.1337345Z"
[Licensing::Module] Connected to LicensingClient (PId: 28780, launch time: 0.02, total connection time: 1.73s)
[Licensing::Module] Error: Access token is unavailable; failed to update
[Licensing::Client] Successfully resolved entitlement details
[Licensing::Module] License group:
  Id: 14568649884728-UnityPersXXXX
  Product: Unity Personal
  Type: Assigned
  Expiration: Unlimited
[Licensing::Client] Successfully updated license, isAsync: True, time: 0.01
[Licensing::Client] Successfully resolved entitlement details
[Licensing::Module] Licensing Background thread has ended after 1.82s
[Licensing::Module] Licensing is initialized (took 0.46s).
[Licensing::Client] Successfully resolved entitlement details
Library Redirect Path: Library/
Rebuilding Library because the asset database could not be found!
[Physics::Module] Selected backend.
[Physics::Module] Name: PhysX
[Physics::Module] Id: 0xf2b8ea05
[Physics::Module] SDK Version: 4.1.2
[Physics::Module] Integration Version: 1.0.0
[Physics::Module] Threading Mode: Multi-Threaded
Refreshing native plugins compatible for Editor in 0.00 ms, found 0 plugins.
Preloading 0 native plugins for Editor in 0.00 ms.
Initialize engine version: 6000.3.11f1 (3000ef702840)
[Subsystems] Discovering subsystems at path C:/Program Files/Unity/Hub/Editor/6000.3.11f1/Editor/Data/Resources/UnitySubsystems
[Subsystems] Discovering subsystems at path H:/ë‚´ ë“śëťĽěť´ë¸Ś/CStest/Eyetracker/Assets
GfxDevice: creating device client; kGfxThreadingModeNonThreaded
Direct3D:
    Version:  Direct3D 11.0 [level 11.1]
    Renderer: Intel(R) UHD Graphics (ID=0x8a56)
    Vendor:   Intel
    VRAM:     8035 MB
    Driver:   27.20.100.9664
Initialize mono
Mono path[0] = 'C:/Program Files/Unity/Hub/Editor/6000.3.11f1/Editor/Data/Managed'
Mono path[1] = 'C:/Program Files/Unity/Hub/Editor/6000.3.11f1/Editor/Data/MonoBleedingEdge/lib/mono/unityjit-win32'
Mono config path = 'C:/Program Files/Unity/Hub/Editor/6000.3.11f1/Editor/Data/MonoBleedingEdge/etc'
Using monoOptions --debugger-agent=transport=dt_socket,embedding=1,server=y,suspend=n,address=127.0.0.1:56452
Using cacheserver namespaces - metadata:defaultmetadata, artifacts:defaultartifacts
Using cacheserver namespaces - metadata:defaultmetadata, artifacts:defaultartifacts
ImportWorker Server TCP listen port: 0
AcceleratorClientConnectionCallback - disconnected - :0
Begin MonoManager ReloadAssembly
Registering precompiled unity dll's ...
Register platform support module: C:/Program Files/Unity/Hub/Editor/6000.3.11f1/Editor/Data/PlaybackEngines/WebGLSupport/UnityEditor.WebGL.Extensions.dll
Register platform support module: C:/Program Files/Unity/Hub/Editor/6000.3.11f1/Editor/Data/PlaybackEngines/WindowsStandaloneSupport/UnityEditor.WindowsStandalone.Extensions.dll
Registered in 0.015736 seconds.
- Loaded All Assemblies, in  1.088 seconds
Native extension for WindowsStandalone target not found
Native extension for WebGL target not found
Package Manager log level set to [2]
ScheduleIndexationOnStartup MainProcess:False IndexOnStartup:False
Mono: successfully reloaded assembly
- Finished resetting the current domain, in  0.926 seconds
Domain Reload Profiling: 2010ms
	BeginReloadAssembly (462ms)
		ExecutionOrderSort (0ms)
		DisableScriptedObjects (0ms)
		BackupInstance (0ms)
		ReleaseScriptingObjects (0ms)
		CreateAndSetChildDomain (27ms)
	RebuildCommonClasses (102ms)
	RebuildNativeTypeToScriptingClass (24ms)
	initialDomainReloadingComplete (114ms)
	LoadAllAssembliesAndSetupDomain (380ms)
		LoadAssemblies (427ms)
		RebuildTransferFunctionScriptingTraits (0ms)
		AnalyzeDomain (372ms)
			TypeCache.Refresh (368ms)
				TypeCache.ScanAssembly (335ms)
			BuildScriptInfoCaches (1ms)
			ResolveRequiredComponents (2ms)
	FinalizeReload (927ms)
		ReleaseScriptCaches (0ms)
		RebuildScriptCaches (0ms)
		SetupLoadedEditorAssemblies (839ms)
			LogAssemblyErrors (0ms)
			InitializePlatformSupportModulesInManaged (126ms)
			SetLoadedEditorAssemblies (11ms)
			BeforeProcessingInitializeOnLoad (177ms)
			ProcessInitializeOnLoadAttributes (347ms)
			ProcessInitializeOnLoadMethodAttributes (177ms)
			AfterProcessingInitializeOnLoad (0ms)
			EditorAssembliesLoaded (0ms)
		ExecutionOrderSort2 (0ms)
		AwakeInstancesAfterBackupRestoration (0ms)
[Licensing::Client] Successfully resolved entitlement details
Application.AssetDatabase Initial Refresh Start
[Package Manager] The file [H:\ë‚´ ë“śëťĽěť´ë¸Ś\CStest\Eyetracker\Packages\manifest.json] cannot be found
[Package Manager] Done resolving packages in 24.61 seconds
[Licensing::Client] Successfully resolved entitlement details
[Package Manager] Lock file was modified
[Package Manager] Registered 37 packages:
  Built-in packages:
    com.unity.multiplayer.center@1.0.1 (location: H:\ë‚´ ë“śëťĽěť´ë¸Ś\CStest\Eyetracker\Library\PackageCache\com.unity.multiplayer.center@f01f4ba8d00a)
    com.unity.modules.accessibility@1.0.0 (location: H:\ë‚´ ë“śëťĽěť´ë¸Ś\CStest\Eyetracker\Library\PackageCache\com.unity.modules.accessibility)
    com.unity.modules.adaptiveperformance@1.0.0 (location: H:\ë‚´ ë“śëťĽěť´ë¸Ś\CStest\Eyetracker\Library\PackageCache\com.unity.modules.adaptiveperformance)
    com.unity.modules.ai@1.0.0 (location: H:\ë‚´ ë“śëťĽěť´ë¸Ś\CStest\Eyetracker\Library\PackageCache\com.unity.modules.ai)
    com.unity.modules.androidjni@1.0.0 (location: H:\ë‚´ ë“śëťĽěť´ë¸Ś\CStest\Eyetracker\Library\PackageCache\com.unity.modules.androidjni)
    com.unity.modules.animation@1.0.0 (location: H:\ë‚´ ë“śëťĽěť´ë¸Ś\CStest\Eyetracker\Library\PackageCache\com.unity.modules.animation)
    com.unity.modules.assetbundle@1.0.0 (location: H:\ë‚´ ë“śëťĽěť´ë¸Ś\CStest\Eyetracker\Library\PackageCache\com.unity.modules.assetbundle)
    com.unity.modules.audio@1.0.0 (location: H:\ë‚´ ë“śëťĽěť´ë¸Ś\CStest\Eyetracker\Library\PackageCache\com.unity.modules.audio)
    com.unity.modules.cloth@1.0.0 (location: H:\ë‚´ ë“śëťĽěť´ë¸Ś\CStest\Eyetracker\Library\PackageCache\com.unity.modules.cloth)
    com.unity.modules.director@1.0.0 (location: H:\ë‚´ ë“śëťĽěť´ë¸Ś\CStest\Eyetracker\Library\PackageCache\com.unity.modules.director)
    com.unity.modules.imageconversion@1.0.0 (location: H:\ë‚´ ë“śëťĽěť´ë¸Ś\CStest\Eyetracker\Library\PackageCache\com.unity.modules.imageconversion)
    com.unity.modules.imgui@1.0.0 (location: H:\ë‚´ ë“śëťĽěť´ë¸Ś\CStest\Eyetracker\Library\PackageCache\com.unity.modules.imgui)
    com.unity.modules.jsonserialize@1.0.0 (location: H:\ë‚´ ë“śëťĽěť´ë¸Ś\CStest\Eyetracker\Library\PackageCache\com.unity.modules.jsonserialize)
    com.unity.modules.particlesystem@1.0.0 (location: H:\ë‚´ ë“śëťĽěť´ë¸Ś\CStest\Eyetracker\Library\PackageCache\com.unity.modules.particlesystem)
    com.unity.modules.physics@1.0.0 (location: H:\ë‚´ ë“śëťĽěť´ë¸Ś\CStest\Eyetracker\Library\PackageCache\com.unity.modules.physics)
    com.unity.modules.physics2d@1.0.0 (location: H:\ë‚´ ë“śëťĽěť´ë¸Ś\CStest\Eyetracker\Library\PackageCache\com.unity.modules.physics2d)
    com.unity.modules.screencapture@1.0.0 (location: H:\ë‚´ ë“śëťĽěť´ë¸Ś\CStest\Eyetracker\Library\PackageCache\com.unity.modules.screencapture)
    com.unity.modules.terrain@1.0.0 (location: H:\ë‚´ ë“śëťĽěť´ë¸Ś\CStest\Eyetracker\Library\PackageCache\com.unity.modules.terrain)
    com.unity.modules.terrainphysics@1.0.0 (location: H:\ë‚´ ë“śëťĽěť´ë¸Ś\CStest\Eyetracker\Library\PackageCache\com.unity.modules.terrainphysics)
    com.unity.modules.tilemap@1.0.0 (location: H:\ë‚´ ë“śëťĽěť´ë¸Ś\CStest\Eyetracker\Library\PackageCache\com.unity.modules.tilemap)
    com.unity.modules.ui@1.0.0 (location: H:\ë‚´ ë“śëťĽěť´ë¸Ś\CStest\Eyetracker\Library\PackageCache\com.unity.modules.ui)
    com.unity.modules.uielements@1.0.0 (location: H:\ë‚´ ë“śëťĽěť´ë¸Ś\CStest\Eyetracker\Library\PackageCache\com.unity.modules.uielements)
    com.unity.modules.umbra@1.0.0 (location: H:\ë‚´ ë“śëťĽěť´ë¸Ś\CStest\Eyetracker\Library\PackageCache\com.unity.modules.umbra)
    com.unity.modules.unityanalytics@1.0.0 (location: H:\ë‚´ ë“śëťĽěť´ë¸Ś\CStest\Eyetracker\Library\PackageCache\com.unity.modules.unityanalytics)
    com.unity.modules.unitywebrequest@1.0.0 (location: H:\ë‚´ ë“śëťĽěť´ë¸Ś\CStest\Eyetracker\Library\PackageCache\com.unity.modules.unitywebrequest)
    com.unity.modules.unitywebrequestassetbundle@1.0.0 (location: H:\ë‚´ ë“śëťĽěť´ë¸Ś\CStest\Eyetracker\Library\PackageCache\com.unity.modules.unitywebrequestassetbundle)
    com.unity.modules.unitywebrequestaudio@1.0.0 (location: H:\ë‚´ ë“śëťĽěť´ë¸Ś\CStest\Eyetracker\Library\PackageCache\com.unity.modules.unitywebrequestaudio)
    com.unity.modules.unitywebrequesttexture@1.0.0 (location: H:\ë‚´ ë“śëťĽěť´ë¸Ś\CStest\Eyetracker\Library\PackageCache\com.unity.modules.unitywebrequesttexture)
    com.unity.modules.unitywebrequestwww@1.0.0 (location: H:\ë‚´ ë“śëťĽěť´ë¸Ś\CStest\Eyetracker\Library\PackageCache\com.unity.modules.unitywebrequestwww)
    com.unity.modules.vectorgraphics@1.0.0 (location: H:\ë‚´ ë“śëťĽěť´ë¸Ś\CStest\Eyetracker\Library\PackageCache\com.unity.modules.vectorgraphics)
    com.unity.modules.vehicles@1.0.0 (location: H:\ë‚´ ë“śëťĽěť´ë¸Ś\CStest\Eyetracker\Library\PackageCache\com.unity.modules.vehicles)
    com.unity.modules.video@1.0.0 (location: H:\ë‚´ ë“śëťĽěť´ë¸Ś\CStest\Eyetracker\Library\PackageCache\com.unity.modules.video)
    com.unity.modules.vr@1.0.0 (location: H:\ë‚´ ë“śëťĽěť´ë¸Ś\CStest\Eyetracker\Library\PackageCache\com.unity.modules.vr)
    com.unity.modules.wind@1.0.0 (location: H:\ë‚´ ë“śëťĽěť´ë¸Ś\CStest\Eyetracker\Library\PackageCache\com.unity.modules.wind)
    com.unity.modules.xr@1.0.0 (location: H:\ë‚´ ë“śëťĽěť´ë¸Ś\CStest\Eyetracker\Library\PackageCache\com.unity.modules.xr)
    com.unity.modules.subsystems@1.0.0 (location: H:\ë‚´ ë“śëťĽěť´ë¸Ś\CStest\Eyetracker\Library\PackageCache\com.unity.modules.subsystems)
    com.unity.modules.hierarchycore@1.0.0 (location: H:\ë‚´ ë“śëťĽěť´ë¸Ś\CStest\Eyetracker\Library\PackageCache\com.unity.modules.hierarchycore)
[Subsystems] No new subsystems found in resolved package list.
[Package Manager] Done registering packages in 0.02 seconds
Crash!!!
SymInit: Symbol-SearchPath: 'C:/Program Files/Unity/Hub/Editor/6000.3.11f1/Editor/Data/Mono;.;H:\ł» µĺ¶óŔĚşę\CStest\Eyetracker;H:\ł» µĺ¶óŔĚşę\CStest\Eyetracker\Library\BurstCache\JIT;C:\Program Files\Unity\Hub\Editor\6000.3.11f1\Editor;C:\WINDOWS;C:\WINDOWS', symOptions: 534, UserName: 'hdy40'
OS-Version: 10.0.0
C:\Program Files\Unity\Hub\Editor\6000.3.11f1\Editor\Unity.exe:Unity.exe (00007FF7425B0000), size: 290816 (result: 0), SymType: '-deferred-', PDB: '', fileVersion: 6000.3.11.239
C:\WINDOWS\SYSTEM32\ntdll.dll:ntdll.dll (00007FFB78610000), size: 2064384 (result: 0), SymType: '-deferred-', PDB: '', fileVersion: 10.0.19041.6456
C:\WINDOWS\System32\KERNEL32.DLL:KERNEL32.DLL (00007FFB78500000), size: 794624 (result: 0), SymType: '-deferred-', PDB: '', fileVersion: 10.0.19041.5915
C:\WINDOWS\System32\KERNELBASE.dll:KERNELBASE.dll (00007FFB75D30000), size: 3104768 (result: 0), SymType: '-deferred-', PDB: '', fileVersion: 10.0.19041.6280
C:\WINDOWS\System32\USER32.dll:USER32.dll (00007FFB76E20000), size: 1708032 (result: 0), SymType: '-deferred-', PDB: '', fileVersion: 10.0.19041.6456
C:\WINDOWS\System32\win32u.dll:win32u.dll (00007FFB76080000), size: 139264 (result: 0), SymType: '-deferred-', PDB: '', fileVersion: 10.0.19041.6456
C:\WINDOWS\System32\GDI32.dll:GDI32.dll (00007FFB77400000), size: 176128 (result: 0), SymType: '-deferred-', PDB: '', fileVersion: 10.0.19041.6157
C:\WINDOWS\System32\gdi32full.dll:gdi32full.dll (00007FFB76190000), size: 1150976 (result: 0), SymType: '-deferred-', PDB: '', fileVersion: 10.0.19041.6157
C:\WINDOWS\System32\msvcp_win.dll:msvcp_win.dll (00007FFB762B0000), size: 643072 (result: 0), SymType: '-deferred-', PDB: '', fileVersion: 10.0.19041.3636
C:\WINDOWS\System32\ucrtbase.dll:ucrtbase.dll (00007FFB764B0000), size: 1048576 (result: 0), SymType: '-deferred-', PDB: '', fileVersion: 10.0.19041.3636
C:\WINDOWS\System32\IMM32.DLL:IMM32.DLL (00007FFB78130000), size: 192512 (result: 0), SymType: '-deferred-', PDB: '', fileVersion: 10.0.19041.6157
C:\Program Files\Unity\Hub\Editor\6000.3.11f1\Editor\Unity.dll:Unity.dll (00007FFA9FB70000), size: 91848704 (result: 0), SymType: '-deferred-', PDB: '', fileVersion: 6000.3.11.239
C:\WINDOWS\System32\CRYPT32.dll:CRYPT32.dll (00007FFB76350000), size: 1429504 (result: 0), SymType: '-deferred-', PDB: '', fileVersion: 10.0.19041.6157
C:\WINDOWS\System32\ADVAPI32.dll:ADVAPI32.dll (00007FFB76770000), size: 724992 (result: 0), SymType: '-deferred-', PDB: '', fileVersion: 10.0.19041.6328
C:\WINDOWS\System32\msvcrt.dll:msvcrt.dll (00007FFB775B0000), size: 647168 (result: 0), SymType: '-deferred-', PDB: '', fileVersion: 7.0.19041.3636
C:\WINDOWS\System32\sechost.dll:sechost.dll (00007FFB77510000), size: 651264 (result: 0), SymType: '-deferred-', PDB: '', fileVersion: 10.0.19041.6328
C:\Program Files\Unity\Hub\Editor\6000.3.11f1\Editor\s3tcompress.dll:s3tcompress.dll (00007FFB56350000), size: 180224 (result: 0), SymType: '-deferred-', PDB: ''
C:\WINDOWS\System32\RPCRT4.dll:RPCRT4.dll (00007FFB76630000), size: 1179648 (result: 0), SymType: '-deferred-', PDB: '', fileVersion: 10.0.19041.6280
C:\WINDOWS\System32\bcrypt.dll:bcrypt.dll (00007FFB760B0000), size: 159744 (result: 0), SymType: '-deferred-', PDB: '', fileVersion: 10.0.19041.5369
C:\Program Files\Unity\Hub\Editor\6000.3.11f1\Editor\etccompress.dll:etccompress.dll (00007FFAC1E40000), size: 5070848 (result: 0), SymType: '-deferred-', PDB: ''
C:\Program Files\Unity\Hub\Editor\6000.3.11f1\Editor\libfbxsdk.dll:libfbxsdk.dll (00007FFAC8390000), size: 8019968 (result: 0), SymType: '-deferred-', PDB: '', fileVersion: 2020.3.7.0
C:\Program Files\Unity\Hub\Editor\6000.3.11f1\Editor\ispc_texcomp.dll:ispc_texcomp.dll (00007FFAFFAE0000), size: 1826816 (result: 0), SymType: '-deferred-', PDB: ''
C:\WINDOWS\System32\ole32.dll:ole32.dll (00007FFB783D0000), size: 1224704 (result: 0), SymType: '-deferred-', PDB: '', fileVersion: 10.0.19041.5915
C:\Program Files\Unity\Hub\Editor\6000.3.11f1\Editor\compress_bc7e.dll:compress_bc7e.dll (00007FFB27010000), size: 1433600 (result: 0), SymType: '-deferred-', PDB: ''
C:\WINDOWS\System32\combase.dll:combase.dll (00007FFB76FD0000), size: 3489792 (result: 0), SymType: '-deferred-', PDB: '', fileVersion: 10.0.19041.6456
C:\Program Files\Unity\Hub\Editor\6000.3.11f1\Editor\WinPixEventRuntime.dll:WinPixEventRuntime.dll (00007FFB720F0000), size: 57344 (result: 0), SymType: '-deferred-', PDB: '', fileVersion: 1.0.2403.8001
C:\Program Files\Unity\Hub\Editor\6000.3.11f1\Editor\FreeImage.dll:FreeImage.dll (0000000180000000), size: 5332992 (result: 0), SymType: '-deferred-', PDB: '', fileVersion: 3.18.0.0
C:\WINDOWS\System32\SETUPAPI.dll:SETUPAPI.dll (00007FFB76910000), size: 4653056 (result: 0), SymType: '-deferred-', PDB: '', fileVersion: 10.0.19041.5794
C:\WINDOWS\System32\WS2_32.dll:WS2_32.dll (00007FFB77DC0000), size: 438272 (result: 0), SymType: '-deferred-', PDB: '', fileVersion: 10.0.19041.3636
C:\WINDOWS\System32\cfgmgr32.dll:cfgmgr32.dll (00007FFB76030000), size: 319488 (result: 0), SymType: '-deferred-', PDB: '', fileVersion: 10.0.19041.3996
C:\Program Files\Unity\Hub\Editor\6000.3.11f1\Editor\umbraoptimizer64.dll:umbraoptimizer64.dll (00007FFAFF9B0000), size: 1187840 (result: 0), SymType: '-deferred-', PDB: ''
C:\WINDOWS\System32\SHELL32.dll:SHELL32.dll (00007FFB77650000), size: 7798784 (result: 0), SymType: '-deferred-', PDB: '', fileVersion: 10.0.19041.6456
C:\WINDOWS\System32\SHLWAPI.dll:SHLWAPI.dll (00007FFB774B0000), size: 372736 (result: 0), SymType: '-deferred-', PDB: '', fileVersion: 10.0.19041.6392
C:\WINDOWS\System32\OLEAUT32.dll:OLEAUT32.dll (00007FFB77E30000), size: 839680 (result: 0), SymType: '-deferred-', PDB: '', fileVersion: 10.0.19041.3636
C:\WINDOWS\System32\WINTRUST.dll:WINTRUST.dll (00007FFB765B0000), size: 471040 (result: 0), SymType: '-deferred-', PDB: '', fileVersion: 10.0.19041.6456
C:\WINDOWS\SYSTEM32\MSVCP140.dll:MSVCP140.dll (00007FFB663A0000), size: 557056 (result: 0), SymType: '-deferred-', PDB: '', fileVersion: 14.50.35710.0
C:\WINDOWS\SYSTEM32\VCRUNTIME140.dll:VCRUNTIME140.dll (00007FFB66370000), size: 122880 (result: 0), SymType: '-deferred-', PDB: '', fileVersion: 14.50.35710.0
C:\WINDOWS\WinSxS\amd64_microsoft.windows.common-controls_6595b64144ccf1df_6.0.19041.6456_none_60b8a6cb71f64256\COMCTL32.dll:COMCTL32.dll (00007FFB55830000), size: 2732032 (result: 0), SymType: '-deferred-', PDB: '', fileVersion: 6.10.19041.6456
C:\WINDOWS\SYSTEM32\d3d11.dll:d3d11.dll (00007FFB702C0000), size: 2506752 (result: 0), SymType: '-deferred-', PDB: '', fileVersion: 10.0.19041.5794
C:\WINDOWS\SYSTEM32\VCRUNTIME140_1.dll:VCRUNTIME140_1.dll (00007FFB66390000), size: 45056 (result: 0), SymType: '-deferred-', PDB: '', fileVersion: 14.50.35710.0
C:\WINDOWS\SYSTEM32\d3d12.dll:d3d12.dll (00007FFB4A3C0000), size: 151552 (result: 0), SymType: '-deferred-', PDB: '', fileVersion: 10.0.19041.5794
C:\WINDOWS\SYSTEM32\HID.DLL:HID.DLL (00007FFB74460000), size: 53248 (result: 0), SymType: '-deferred-', PDB: '', fileVersion: 10.0.19041.3636
C:\WINDOWS\SYSTEM32\dwmapi.dll:dwmapi.dll (00007FFB73410000), size: 188416 (result: 0), SymType: '-deferred-', PDB: '', fileVersion: 10.0.19041.6157
C:\WINDOWS\SYSTEM32\dxgi.dll:dxgi.dll (00007FFB744E0000), size: 1007616 (result: 0), SymType: '-deferred-', PDB: '', fileVersion: 10.0.19041.5794
C:\WINDOWS\SYSTEM32\IPHLPAPI.DLL:IPHLPAPI.DLL (00007FFB74FF0000), size: 241664 (result: 0), SymType: '-deferred-', PDB: '', fileVersion: 10.0.19041.3636
C:\WINDOWS\SYSTEM32\OPENGL32.dll:OPENGL32.dll (00007FFB5A150000), size: 1212416 (result: 0), SymType: '-deferred-', PDB: '', fileVersion: 10.0.19041.5794
C:\WINDOWS\SYSTEM32\WINHTTP.dll:WINHTTP.dll (00007FFB6D110000), size: 1089536 (result: 0), SymType: '-deferred-', PDB: '', fileVersion: 10.0.19041.5794
C:\WINDOWS\SYSTEM32\GLU32.dll:GLU32.dll (00007FFB6F770000), size: 180224 (result: 0), SymType: '-deferred-', PDB: '', fileVersion: 10.0.19041.3636
C:\WINDOWS\SYSTEM32\WINMM.dll:WINMM.dll (00007FFB57640000), size: 159744 (result: 0), SymType: '-deferred-', PDB: '', fileVersion: 10.0.19041.3636
C:\WINDOWS\SYSTEM32\VERSION.dll:VERSION.dll (00007FFB6F0A0000), size: 40960 (result: 0), SymType: '-deferred-', PDB: '', fileVersion: 10.0.19041.3636
C:\Program Files\Unity\Hub\Editor\6000.3.11f1\Editor\NativeProxyHelper.dll:NativeProxyHelper.dll (00007FFAF36C0000), size: 1789952 (result: 0), SymType: '-deferred-', PDB: ''
C:\Program Files\Unity\Hub\Editor\6000.3.11f1\Editor\SketchUpAPI.dll:SketchUpAPI.dll (00007FFAC0890000), size: 8990720 (result: 0), SymType: '-deferred-', PDB: '', fileVersion: 23.0.0.0
C:\WINDOWS\SYSTEM32\WSOCK32.dll:WSOCK32.dll (00007FFB50240000), size: 36864 (result: 0), SymType: '-deferred-', PDB: '', fileVersion: 10.0.19041.1
C:\WINDOWS\SYSTEM32\kernel.appcore.dll:kernel.appcore.dll (00007FFB74470000), size: 73728 (result: 0), SymType: '-deferred-', PDB: '', fileVersion: 10.0.19041.3758
C:\Program Files\Unity\Hub\Editor\6000.3.11f1\Editor\SketchUpCommonPreferences.dll:SketchUpCommonPreferences.dll (00007FFB303A0000), size: 499712 (result: 0), SymType: '-deferred-', PDB: '', fileVersion: 23.0.0.0
C:\WINDOWS\SYSTEM32\Secur32.dll:Secur32.dll (00007FFB64010000), size: 49152 (result: 0), SymType: '-deferred-', PDB: '', fileVersion: 10.0.19041.3636
C:\WINDOWS\SYSTEM32\SSPICLI.DLL:SSPICLI.DLL (00007FFB75B80000), size: 204800 (result: 0), SymType: '-deferred-', PDB: '', fileVersion: 10.0.19041.6328
C:\Program Files\Unity\Hub\Editor\6000.3.11f1\Editor\OpenRL.dll:OpenRL.dll (0000024FF15C0000), size: 12779520 (result: 0), SymType: '-deferred-', PDB: '', fileVersion: 1.5.0.2907
C:\WINDOWS\SYSTEM32\MSWSOCK.DLL:MSWSOCK.DLL (00007FFB752F0000), size: 434176 (result: 0), SymType: '-deferred-', PDB: '', fileVersion: 10.0.19041.5915
C:\WINDOWS\SYSTEM32\MSVCR100.dll:MSVCR100.dll (0000000071B50000), size: 860160 (result: 0), SymType: '-deferred-', PDB: '', fileVersion: 10.0.40219.325
C:\WINDOWS\SYSTEM32\MSVCP100.dll:MSVCP100.dll (0000000071C30000), size: 622592 (result: 0), SymType: '-deferred-', PDB: '', fileVersion: 10.0.40219.325
C:\Program Files\Unity\Hub\Editor\6000.3.11f1\Editor\embree.dll:embree.dll (00007FFAAA8E0000), size: 16711680 (result: 0), SymType: '-deferred-', PDB: '', fileVersion: 2.14.0.0
C:\Program Files\Unity\Hub\Editor\6000.3.11f1\Editor\tbb.dll:tbb.dll (00007FFB345B0000), size: 303104 (result: 0), SymType: '-deferred-', PDB: '', fileVersion: 2020.3.2022.1111
C:\Program Files\Unity\Hub\Editor\6000.3.11f1\Editor\OpenRL_pthread.dll:OpenRL_pthread.dll (0000024FF2210000), size: 61440 (result: 0), SymType: '-deferred-', PDB: '', fileVersion: 2.9.0.0
C:\WINDOWS\SYSTEM32\MSASN1.dll:MSASN1.dll (00007FFB757F0000), size: 73728 (result: 0), SymType: '-deferred-', PDB: '', fileVersion: 10.0.19041.3636
C:\WINDOWS\System32\bcryptprimitives.dll:bcryptprimitives.dll (00007FFB75CA0000), size: 532480 (result: 0), SymType: '-deferred-', PDB: '', fileVersion: 10.0.19041.5007
C:\WINDOWS\system32\uxtheme.dll:uxtheme.dll (00007FFB73220000), size: 647168 (result: 0), SymType: '-deferred-', PDB: '', fileVersion: 10.0.19041.5794
C:\WINDOWS\SYSTEM32\windows.storage.dll:windows.storage.dll (00007FFB73CB0000), size: 8015872 (result: 0), SymType: '-deferred-', PDB: '', fileVersion: 10.0.19041.6456
C:\WINDOWS\SYSTEM32\Wldp.dll:Wldp.dll (00007FFB75510000), size: 176128 (result: 0), SymType: '-deferred-', PDB: '', fileVersion: 10.0.19041.5794
C:\WINDOWS\System32\SHCORE.dll:SHCORE.dll (00007FFB77F60000), size: 708608 (result: 0), SymType: '-deferred-', PDB: '', fileVersion: 10.0.19041.5794
C:\WINDOWS\SYSTEM32\profapi.dll:profapi.dll (00007FFB75BD0000), size: 147456 (result: 0), SymType: '-deferred-', PDB: '', fileVersion: 10.0.19041.6033
C:\WINDOWS\System32\clbcatq.dll:clbcatq.dll (00007FFB77340000), size: 692224 (result: 0), SymType: '-deferred-', PDB: '', fileVersion: 2001.12.10941.16384
C:\WINDOWS\system32\wbem\wbemprox.dll:wbemprox.dll (00007FFB6CE60000), size: 69632 (result: 0), SymType: '-deferred-', PDB: '', fileVersion: 10.0.19041.4474
C:\WINDOWS\SYSTEM32\wbemcomn.dll:wbemcomn.dll (00007FFB6D8D0000), size: 589824 (result: 0), SymType: '-deferred-', PDB: '', fileVersion: 10.0.19041.5794
C:\WINDOWS\system32\IconCodecService.dll:IconCodecService.dll (00007FFB6F9C0000), size: 36864 (result: 0), SymType: '-deferred-', PDB: '', fileVersion: 10.0.19041.1
C:\WINDOWS\SYSTEM32\WindowsCodecs.dll:WindowsCodecs.dll (00007FFB72FC0000), size: 1794048 (result: 0), SymType: '-deferred-', PDB: '', fileVersion: 10.0.19041.6456
C:\WINDOWS\System32\netprofm.dll:netprofm.dll (00007FFB72290000), size: 258048 (result: 0), SymType: '-deferred-', PDB: '', fileVersion: 10.0.19041.4355
C:\WINDOWS\system32\wbem\wbemsvc.dll:wbemsvc.dll (00007FFB6AC50000), size: 81920 (result: 0), SymType: '-deferred-', PDB: '', fileVersion: 10.0.19041.4474
C:\WINDOWS\System32\npmproxy.dll:npmproxy.dll (00007FFB64000000), size: 65536 (result: 0), SymType: '-deferred-', PDB: '', fileVersion: 10.0.19041.4239
C:\WINDOWS\system32\wbem\fastprox.dll:fastprox.dll (00007FFB6AC70000), size: 1097728 (result: 0), SymType: '-deferred-', PDB: '', fileVersion: 10.0.19041.5794
C:\WINDOWS\SYSTEM32\amsi.dll:amsi.dll (00007FFB64C00000), size: 126976 (result: 0), SymType: '-deferred-', PDB: '', fileVersion: 10.0.19041.4355
C:\WINDOWS\SYSTEM32\USERENV.dll:USERENV.dll (00007FFB75B50000), size: 188416 (result: 0), SymType: '-deferred-', PDB: '', fileVersion: 10.0.19041.5794
C:\Program Files\AhnLab\V3Lite40\AMSI\AMSI0001\v3amsi64.dll:v3amsi64.dll (00007FFB64190000), size: 647168 (result: 0), SymType: '-deferred-', PDB: '', fileVersion: 1.0.0.43
C:\WINDOWS\System32\NSI.dll:NSI.dll (00007FFB77330000), size: 32768 (result: 0), SymType: '-deferred-', PDB: '', fileVersion: 10.0.19041.3636
C:\WINDOWS\SYSTEM32\dhcpcsvc6.DLL:dhcpcsvc6.DLL (00007FFB6D8B0000), size: 94208 (result: 0), SymType: '-deferred-', PDB: '', fileVersion: 10.0.19041.3636
C:\WINDOWS\SYSTEM32\dhcpcsvc.DLL:dhcpcsvc.DLL (00007FFB6D890000), size: 118784 (result: 0), SymType: '-deferred-', PDB: '', fileVersion: 10.0.19041.3636
C:\WINDOWS\SYSTEM32\DNSAPI.dll:DNSAPI.dll (00007FFB75030000), size: 827392 (result: 0), SymType: '-deferred-', PDB: '', fileVersion: 10.0.19041.5369
C:\WINDOWS\system32\napinsp.dll:napinsp.dll (00007FFB57620000), size: 94208 (result: 0), SymType: '-deferred-', PDB: '', fileVersion: 10.0.19041.3636
C:\WINDOWS\system32\pnrpnsp.dll:pnrpnsp.dll (00007FFB54B50000), size: 110592 (result: 0), SymType: '-deferred-', PDB: '', fileVersion: 10.0.19041.3636
C:\WINDOWS\system32\wshbth.dll:wshbth.dll (00007FFB722F0000), size: 118784 (result: 0), SymType: '-deferred-', PDB: '', fileVersion: 10.0.19041.5848
C:\WINDOWS\system32\NLAapi.dll:NLAapi.dll (00007FFB6F5E0000), size: 118784 (result: 0), SymType: '-deferred-', PDB: '', fileVersion: 10.0.19041.6456
C:\WINDOWS\System32\winrnr.dll:winrnr.dll (00007FFB54B30000), size: 73728 (result: 0), SymType: '-deferred-', PDB: '', fileVersion: 10.0.19041.3636
C:\WINDOWS\System32\fwpuclnt.dll:fwpuclnt.dll (00007FFB6CED0000), size: 524288 (result: 0), SymType: '-deferred-', PDB: '', fileVersion: 10.0.19041.6328
C:\Windows\System32\rasadhlp.dll:rasadhlp.dll (00007FFB612C0000), size: 40960 (result: 0), SymType: '-deferred-', PDB: '', fileVersion: 10.0.19041.6328
C:\Program Files\Unity\Hub\Editor\6000.3.11f1\Editor\AMDUnityPlugin.DLL:AMDUnityPlugin.DLL (00007FFA9F300000), size: 8843264 (result: 0), SymType: '-deferred-', PDB: ''
C:\Program Files\Unity\Hub\Editor\6000.3.11f1\Editor\NVUnityPlugin.DLL:NVUnityPlugin.DLL (00007FFAF31E0000), size: 1642496 (result: 0), SymType: '-deferred-', PDB: ''
C:\Program Files\Unity\Hub\Editor\6000.3.11f1\Editor\Data\Tools\astcenc-avx2.dll:astcenc-avx2.dll (00007FFB28CB0000), size: 352256 (result: 0), SymType: '-deferred-', PDB: ''
C:\WINDOWS\SYSTEM32\CRYPTSP.dll:CRYPTSP.dll (00007FFB75550000), size: 98304 (result: 0), SymType: '-deferred-', PDB: '', fileVersion: 10.0.19041.5856
C:\WINDOWS\system32\rsaenh.dll:rsaenh.dll (00007FFB74C30000), size: 229376 (result: 0), SymType: '-deferred-', PDB: '', fileVersion: 10.0.19041.6093
C:\WINDOWS\SYSTEM32\CRYPTBASE.dll:CRYPTBASE.dll (00007FFB75480000), size: 49152 (result: 0), SymType: '-deferred-', PDB: '', fileVersion: 10.0.19041.3636
C:\WINDOWS\System32\imagehlp.dll:imagehlp.dll (00007FFB76750000), size: 118784 (result: 0), SymType: '-deferred-', PDB: '', fileVersion: 10.0.19041.3636
C:\WINDOWS\SYSTEM32\gpapi.dll:gpapi.dll (00007FFB74490000), size: 143360 (result: 0), SymType: '-deferred-', PDB: '', fileVersion: 10.0.19041.4355
C:\Windows\System32\cryptnet.dll:cryptnet.dll (00007FFB60F30000), size: 200704 (result: 0), SymType: '-deferred-', PDB: '', fileVersion: 10.0.19041.3636
C:\WINDOWS\SYSTEM32\WINNSI.DLL:WINNSI.DLL (00007FFB6DD60000), size: 45056 (result: 0), SymType: '-deferred-', PDB: '', fileVersion: 10.0.19041.3636
C:\WINDOWS\SYSTEM32\mfplat.dll:mfplat.dll (00007FFB6ED40000), size: 1818624 (result: 0), SymType: '-deferred-', PDB: '', fileVersion: 10.0.19041.6280
C:\WINDOWS\SYSTEM32\RTWorkQ.DLL:RTWorkQ.DLL (00007FFB6F9F0000), size: 212992 (result: 0), SymType: '-deferred-', PDB: '', fileVersion: 10.0.19041.4842
C:\WINDOWS\SYSTEM32\mfreadwrite.dll:mfreadwrite.dll (00007FFB1F740000), size: 1085440 (result: 0), SymType: '-deferred-', PDB: '', fileVersion: 10.0.19041.6033
C:\WINDOWS\SYSTEM32\Mf.dll:Mf.dll (00007FFB6FAF0000), size: 544768 (result: 0), SymType: '-deferred-', PDB: '', fileVersion: 10.0.19041.6033
C:\WINDOWS\SYSTEM32\MFCORE.DLL:MFCORE.DLL (00007FFB1F850000), size: 4775936 (result: 0), SymType: '-deferred-', PDB: '', fileVersion: 10.0.19041.6456
C:\WINDOWS\SYSTEM32\powrprof.dll:powrprof.dll (00007FFB75A50000), size: 307200 (result: 0), SymType: '-deferred-', PDB: '', fileVersion: 10.0.19041.3636
C:\WINDOWS\SYSTEM32\ksuser.dll:ksuser.dll (00007FFB5CE00000), size: 36864 (result: 0), SymType: '-deferred-', PDB: '', fileVersion: 10.0.19041.1
C:\WINDOWS\SYSTEM32\UMPDC.dll:UMPDC.dll (00007FFB75A30000), size: 73728 (result: 0), SymType: '-deferred-', PDB: ''
C:\WINDOWS\SYSTEM32\CompPkgSup.DLL:CompPkgSup.DLL (00007FFB6EA40000), size: 225280 (result: 0), SymType: '-deferred-', PDB: '', fileVersion: 10.0.19041.4355
C:\Windows\System32\Windows.Media.dll:Windows.Media.dll (00007FFB44680000), size: 7495680 (result: 0), SymType: '-deferred-', PDB: '', fileVersion: 10.0.19041.5794
C:\Windows\System32\Windows.ApplicationModel.dll:Windows.ApplicationModel.dll (00007FFB6E170000), size: 954368 (result: 0), SymType: '-deferred-', PDB: '', fileVersion: 10.0.19041.6216
C:\Windows\System32\twinapi.appcore.dll:twinapi.appcore.dll (00007FFB6DF60000), size: 2109440 (result: 0), SymType: '-deferred-', PDB: '', fileVersion: 10.0.19041.5848
C:\Windows\System32\Windows.StateRepositoryPS.dll:Windows.StateRepositoryPS.dll (00007FFB53C80000), size: 1335296 (result: 0), SymType: '-deferred-', PDB: '', fileVersion: 10.0.19041.6456
C:\Windows\System32\AppXDeploymentClient.dll:AppXDeploymentClient.dll (00007FFB6DC50000), size: 1073152 (result: 0), SymType: '-deferred-', PDB: '', fileVersion: 10.0.19041.6456
C:\Windows\System32\WinTypes.dll:WinTypes.dll (00007FFB72420000), size: 1404928 (result: 0), SymType: '-deferred-', PDB: '', fileVersion: 10.0.19041.6456
C:\WINDOWS\System32\MMDevApi.dll:MMDevApi.dll (00007FFB6F1D0000), size: 544768 (result: 0), SymType: '-deferred-', PDB: '', fileVersion: 10.0.19041.5915
C:\WINDOWS\System32\DEVOBJ.dll:DEVOBJ.dll (00007FFB759C0000), size: 208896 (result: 0), SymType: '-deferred-', PDB: '', fileVersion: 10.0.19041.5794
C:\WINDOWS\SYSTEM32\AUDIOSES.DLL:AUDIOSES.DLL (00007FFB6F310000), size: 1576960 (result: 0), SymType: '-deferred-', PDB: '', fileVersion: 10.0.19041.5794
C:\WINDOWS\SYSTEM32\resourcepolicyclient.dll:resourcepolicyclient.dll (00007FFB73310000), size: 81920 (result: 0), SymType: '-deferred-', PDB: '', fileVersion: 10.0.19041.4355
C:\WINDOWS\System32\DriverStore\FileRepository\iigd_dch.inf_amd64_6b9450da178a9e04\igd10iumd64.dll:igd10iumd64.dll (00007FFB69910000), size: 18751488 (result: 0), SymType: '-deferred-', PDB: '', fileVersion: 27.20.100.9664
C:\WINDOWS\SYSTEM32\ncrypt.dll:ncrypt.dll (00007FFB756D0000), size: 159744 (result: 0), SymType: '-deferred-', PDB: '', fileVersion: 10.0.19041.5007
C:\WINDOWS\SYSTEM32\apphelp.dll:apphelp.dll (00007FFB721F0000), size: 606208 (result: 0), SymType: '-deferred-', PDB: '', fileVersion: 10.0.19041.6157
C:\WINDOWS\SYSTEM32\NTASN1.dll:NTASN1.dll (00007FFB75670000), size: 241664 (result: 0), SymType: '-deferred-', PDB: '', fileVersion: 10.0.19041.3636
C:\WINDOWS\System32\DriverStore\FileRepository\iigd_dch.inf_amd64_6b9450da178a9e04\igdgmm64.dll:igdgmm64.dll (00007FFB69370000), size: 3366912 (result: 0), SymType: '-deferred-', PDB: '', fileVersion: 27.20.100.9664
C:\WINDOWS\System32\DriverStore\FileRepository\iigd_dch.inf_amd64_6b9450da178a9e04\igc64.dll:igc64.dll (00007FFB665E0000), size: 47771648 (result: 0), SymType: '-deferred-', PDB: '', fileVersion: 27.20.100.9664
C:\WINDOWS\SYSTEM32\dxcore.dll:dxcore.dll (00007FFB6AFF0000), size: 241664 (result: 0), SymType: '-deferred-', PDB: '', fileVersion: 10.0.19041.5794
C:\WINDOWS\SYSTEM32\opencl.dll:opencl.dll (00007FFB1BD80000), size: 512000 (result: 0), SymType: '-deferred-', PDB: '', fileVersion: 2.2.8.0
C:\Program Files\Unity\Hub\Editor\6000.3.11f1\Editor\radeonrays.dll:radeonrays.dll (00007FFB1BEB0000), size: 344064 (result: 0), SymType: '-deferred-', PDB: ''
C:\Program Files\Unity\Hub\Editor\6000.3.11f1\Editor\Data\MonoBleedingEdge\EmbedRuntime\mono-2.0-bdwgc.dll:mono-2.0-bdwgc.dll (00007FFA9E8B0000), size: 10756096 (result: 0), SymType: '-deferred-', PDB: ''
C:\WINDOWS\SYSTEM32\dbghelp.dll:dbghelp.dll (00007FFB739B0000), size: 2101248 (result: 0), SymType: '-deferred-', PDB: '', fileVersion: 10.0.19041.5848

========== OUTPUTTING STACK TRACE ==================

0x00007FFAA18EF240 (Unity) _mdb_cursor_put
0x00007FFAA18F99D7 (Unity) mdb_put
0x00007FFAA2AE8219 (Unity) LMDB_Map::Set
0x00007FFAA2A6E272 (Unity) SourceAssetDBWriteTxn::RefreshStage3_OverlayDirtyAssets
0x00007FFAA2AECD27 (Unity) <lambda_dba9dec65dc9e090eb463a9e148b3bdb>::operator()
0x00007FFAA2AE759C (Unity) LMDB_Transaction::Run
0x00007FFAA2A72523 (Unity) SourceAssetDBWriteTxn::Run
0x00007FFAA2AF11E1 (Unity) SourceAssetScanner::Refresh
0x00007FFAA2AAB884 (Unity) Scan
0x00007FFAA2AA3EF7 (Unity) RefreshInternalV2
0x00007FFAA2AADFC7 (Unity) StopAssetImportingV2Internal
0x00007FFAA2A9CB6F (Unity) InitialRefreshV2
0x00007FFAA2A13632 (Unity) AssetDatabase::InitialRefresh
0x00007FFAA1387D90 (Unity) Application::InitializeProject
0x00007FFAA117C343 (Unity) UnityMain
0x00007FF7425B2F2A (Unity) __scrt_common_main_seh
0x00007FFB78517374 (KERNEL32) BaseThreadInitThunk
0x00007FFB7865CC91 (ntdll) RtlUserThreadStart

========== END OF STACKTRACE ===========

A crash has been intercepted by the crash handler. For call stack and other details, see the latest crash report generated in:
 * C:/Users/hdy40/AppData/Local/Temp/Unity/Editor/Crashes
